<?xml version="1.0" encoding="UTF-8"?>
<!-- Generated by org.testng.reporters.JUnitReportReporter -->
<testsuite hostname="LAPTOP-1BLM5OS8" failures="0" tests="1" name="day20.Demo1" time="0.008" errors="0" timestamp="15 Jun 2023 07:15:07 GMT" skipped="0">
  <testcase classname="day20.Demo1" name="testA" time="0.008"/>
</testsuite> <!-- day20.Demo1 -->
